{
  message: '🗂 database is connected successfully',
  level: 'info',
  label: 'university management!',
  timestamp: '2023-08-07T09:00:25.852Z'
}
{
  message: 'Example app listening on port 5000',
  level: 'info',
  label: 'university management!',
  timestamp: '2023-08-07T09:00:25.865Z'
}
{
  message: '🗂 database is connected successfully',
  level: 'info',
  label: 'university management!',
  timestamp: '2023-08-07T09:06:35.571Z'
}
{
  message: 'Example app listening on port 5000',
  level: 'info',
  label: 'university management!',
  timestamp: '2023-08-07T09:06:35.576Z'
}
Mon Aug 07 2023 15:08:53 GMT+0600 (Bangladesh Standard Time) 15:8:53 [university management!] info: 🗂 database is connected successfully
Mon Aug 07 2023 15:08:53 GMT+0600 (Bangladesh Standard Time) 15:8:53 [university management!] info: Example app listening on port 5000
Mon Aug 07 2023 15:12:22 GMT+0600 (Bangladesh Standard Time) 15:12:22 [university management!] info: 🗂 database is connected successfully
Mon Aug 07 2023 15:12:22 GMT+0600 (Bangladesh Standard Time) 15:12:22 [university management!] info: Example app listening on port 5000
Mon Aug 07 2023 15:12:58 GMT+0600 (Bangladesh Standard Time) 15:12:58 [university management!] info: 🗂 database is connected successfully
Mon Aug 07 2023 15:12:58 GMT+0600 (Bangladesh Standard Time) 15:12:58 [university management!] info: Example app listening on port 5000
