Mon Aug 07 2023 15:02:26 GMT+0600 (Bangladesh Standard Time) 15:2:26 [right meow!] error: Failed to connect database The `uri` parameter to `openUri()` must be a string, got "undefined". Make sure the first parameter to `mongoose.connect()` or `mongoose.createConnection()` is a string.
{
  level: 'error',
  message: 'Failed to connect database The `uri` parameter to `openUri()` must be a string, got "undefined". Make sure the first parameter to `mongoose.connect()` or `mongoose.createConnection()` is a string.',
  stack: 'MongooseError: The `uri` parameter to `openUri()` must be a string, got "undefined". Make sure the first parameter to `mongoose.connect()` or `mongoose.createConnection()` is a string.\n' +
    '    at NativeConnection.createClient (/media/kaiyum/Document/LEXT-LEVEL/Milestone-3/university-management-auth-service/node_modules/mongoose/lib/drivers/node-mongodb-native/connection.js:206:11)\n' +
    '    at NativeConnection.openUri (/media/kaiyum/Document/LEXT-LEVEL/Milestone-3/university-management-auth-service/node_modules/mongoose/lib/connection.js:738:34)\n' +
    '    at Mongoose.connect (/media/kaiyum/Document/LEXT-LEVEL/Milestone-3/university-management-auth-service/node_modules/mongoose/lib/index.js:404:15)\n' +
    '    at /media/kaiyum/Document/LEXT-LEVEL/Milestone-3/university-management-auth-service/src/server.ts:8:20\n' +
    '    at Generator.next (<anonymous>)\n' +
    '    at /media/kaiyum/Document/LEXT-LEVEL/Milestone-3/university-management-auth-service/src/server.ts:8:71\n' +
    '    at new Promise (<anonymous>)\n' +
    '    at __awaiter (/media/kaiyum/Document/LEXT-LEVEL/Milestone-3/university-management-auth-service/src/server.ts:4:12)\n' +
    '    at main (/media/kaiyum/Document/LEXT-LEVEL/Milestone-3/university-management-auth-service/src/server.ts:20:12)\n' +
    '    at Object.<anonymous> (/media/kaiyum/Document/LEXT-LEVEL/Milestone-3/university-management-auth-service/src/server.ts:19:1)',
  label: 'right meow!',
  timestamp: '2023-08-07T09:04:30.013Z'
}
Mon Aug 07 2023 15:05:24 GMT+0600 (Bangladesh Standard Time) 15:5:24 [right meow!] error: Failed to connect database The `uri` parameter to `openUri()` must be a string, got "undefined". Make sure the first parameter to `mongoose.connect()` or `mongoose.createConnection()` is a string.
Mon Aug 07 2023 15:11:57 GMT+0600 (Bangladesh Standard Time) 15:11:57 [right meow!] error: Failed to connect database The `uri` parameter to `openUri()` must be a string, got "undefined". Make sure the first parameter to `mongoose.connect()` or `mongoose.createConnection()` is a string.
