Sat Aug 26 2023 02:10:48 GMT+0600 (Bangladesh Standard Time) 2:10:48 [university management!] error: Global Error Handler [
  {
    "code": "invalid_type",
    "expected": "string",
    "received": "undefined",
    "path": [
      "body",
      "role"
    ],
    "message": "role is required"
  }
]
Sat Aug 26 2023 02:10:49 GMT+0600 (Bangladesh Standard Time) 2:10:49 [university management!] error: Global Error Handler [
  {
    "code": "invalid_type",
    "expected": "string",
    "received": "undefined",
    "path": [
      "body",
      "role"
    ],
    "message": "role is required"
  }
]
